Configuring base-prelude-1.3...
Preprocessing library for base-prelude-1.3..
Building library for base-prelude-1.3..
[1 of 1] Compiling BasePrelude      ( library/BasePrelude.hs, .stack-work/dist/x86_64-linux/Cabal-2.2.0.1/build/BasePrelude.o )

[;1mlibrary/BasePrelude.hs:12:3: [;1m[35mwarning:[0m[0m[;1m [[;1m[35m-Wduplicate-exports[0m[0m[;1m][0m[0m[;1m
    ‘bool’ is exported by ‘bool’ and ‘module Exports’[0m[0m
[;1m[34m   |[0m[0m
[;1m[34m12 |[0m[0m   [;1m[35mbool[0m[0m,
[;1m[34m   |[0m[0m[;1m[35m   ^^^^[0m[0m
[0m[0m[0m
[;1mlibrary/BasePrelude.hs:14:3: [;1m[35mwarning:[0m[0m[;1m [[;1m[35m-Wduplicate-exports[0m[0m[;1m][0m[0m[;1m
    ‘&’ is exported by ‘(&)’ and ‘module Exports’[0m[0m
[;1m[34m   |[0m[0m
[;1m[34m14 |[0m[0m   [;1m[35m(&)[0m[0m,
[;1m[34m   |[0m[0m[;1m[35m   ^^^[0m[0m
[0m[0m[0m
[;1mlibrary/BasePrelude.hs:16:3: [;1m[35mwarning:[0m[0m[;1m [[;1m[35m-Wduplicate-exports[0m[0m[;1m][0m[0m[;1m
    ‘$>’ is exported by ‘($>)’ and ‘module Exports’[0m[0m
[;1m[34m   |[0m[0m
[;1m[34m16 |[0m[0m   [;1m[35m($>)[0m[0m,
[;1m[34m   |[0m[0m[;1m[35m   ^^^^[0m[0m
[0m[0m[0m
[;1mlibrary/BasePrelude.hs:18:3: [;1m[35mwarning:[0m[0m[;1m [[;1m[35m-Wduplicate-exports[0m[0m[;1m][0m[0m[;1m
    ‘isSubsequenceOf’ is exported by ‘isSubsequenceOf’ and ‘module Exports’[0m[0m
[;1m[34m   |[0m[0m
[;1m[34m18 |[0m[0m   [;1m[35misSubsequenceOf[0m[0m,
[;1m[34m   |[0m[0m[;1m[35m   ^^^^^^^^^^^^^^^[0m[0m
[0m[0m[0m
[;1mlibrary/BasePrelude.hs:19:3: [;1m[35mwarning:[0m[0m[;1m [[;1m[35m-Wduplicate-exports[0m[0m[;1m][0m[0m[;1m
    ‘sortOn’ is exported by ‘sortOn’ and ‘module Exports’[0m[0m
[;1m[34m   |[0m[0m
[;1m[34m19 |[0m[0m   [;1m[35msortOn[0m[0m,
[;1m[34m   |[0m[0m[;1m[35m   ^^^^^^[0m[0m
[0m[0m[0m
[;1mlibrary/BasePrelude.hs:20:3: [;1m[35mwarning:[0m[0m[;1m [[;1m[35m-Wduplicate-exports[0m[0m[;1m][0m[0m[;1m
    ‘uncons’ is exported by ‘uncons’ and ‘module Exports’[0m[0m
[;1m[34m   |[0m[0m
[;1m[34m20 |[0m[0m   [;1m[35muncons[0m[0m,
[;1m[34m   |[0m[0m[;1m[35m   ^^^^^^[0m[0m
[0m[0m[0m
[;1mlibrary/BasePrelude.hs:22:3: [;1m[35mwarning:[0m[0m[;1m [[;1m[35m-Wduplicate-exports[0m[0m[;1m][0m[0m[;1m
    ‘traceShowId’ is exported by ‘traceShowId’ and ‘module Exports’[0m[0m
[;1m[34m   |[0m[0m
[;1m[34m22 |[0m[0m   [;1m[35mtraceShowId[0m[0m,
[;1m[34m   |[0m[0m[;1m[35m   ^^^^^^^^^^^[0m[0m
[0m[0m[0m
[;1mlibrary/BasePrelude.hs:23:3: [;1m[35mwarning:[0m[0m[;1m [[;1m[35m-Wduplicate-exports[0m[0m[;1m][0m[0m[;1m
    ‘traceM’ is exported by ‘traceM’ and ‘module Exports’[0m[0m
[;1m[34m   |[0m[0m
[;1m[34m23 |[0m[0m   [;1m[35mtraceM[0m[0m,
[;1m[34m   |[0m[0m[;1m[35m   ^^^^^^[0m[0m
[0m[0m[0m
[;1mlibrary/BasePrelude.hs:24:3: [;1m[35mwarning:[0m[0m[;1m [[;1m[35m-Wduplicate-exports[0m[0m[;1m][0m[0m[;1m
    ‘traceShowM’ is exported by ‘traceShowM’ and ‘module Exports’[0m[0m
[;1m[34m   |[0m[0m
[;1m[34m24 |[0m[0m   [;1m[35mtraceShowM[0m[0m,
[;1m[34m   |[0m[0m[;1m[35m   ^^^^^^^^^^[0m[0m
[0m[0m[0mInstalling library in /home/madcplusplus/.stack/snapshots/x86_64-linux/lts-12.20/8.4.4/lib/x86_64-linux-ghc-8.4.4/base-prelude-1.3-6USA4MwBClb3KaEhnb0gD7
Registering library for base-prelude-1.3..
